<?xml version="1.0" encoding="UTF-8"?>
<!-- Generated by org.testng.reporters.JUnitXMLReporter -->
<testsuite hostname="LGDN18-1076-W10" ignored="0" name="Default test" tests="3" failures="0" timestamp="07 Dec 2018 08:47:07 GMT" time="90.535" errors="0">
  <testcase name="TC16" time="7.081" classname="Railway.MyTicketTest"/>
  <testcase name="FTTC01" time="42.31" classname="Railway.MyTicketTest"/>
  <testcase name="FTTC02" time="33.68" classname="Railway.MyTicketTest"/>
</testsuite> <!-- Default test -->
