<?xml version="1.0" encoding="UTF-8"?>
<!-- Generated by org.testng.reporters.JUnitXMLReporter -->
<testsuite hostname="HUY-PC" ignored="6" name="Default test" tests="1" failures="0" timestamp="26 thg 11 2018 14:58:12 GMT" time="25.241" errors="0">
  <testcase name="TC01" time="4.622" classname="Railway.LoginTest"/>
  <testcase name="TC05" time="0.0" classname="Railway.LoginTest">
    <ignored/>
  </testcase> <!-- TC05 -->
  <testcase name="TC07" time="0.0" classname="Railway.LoginTest">
    <ignored/>
  </testcase> <!-- TC07 -->
  <testcase name="TC02" time="0.0" classname="Railway.LoginTest">
    <ignored/>
  </testcase> <!-- TC02 -->
  <testcase name="TC04" time="0.0" classname="Railway.LoginTest">
    <ignored/>
  </testcase> <!-- TC04 -->
  <testcase name="TC03" time="0.0" classname="Railway.LoginTest">
    <ignored/>
  </testcase> <!-- TC03 -->
  <testcase name="TC06" time="0.0" classname="Railway.LoginTest">
    <ignored/>
  </testcase> <!-- TC06 -->
</testsuite> <!-- Default test -->
