<?xml version="1.0" encoding="UTF-8"?>
<!-- Generated by org.testng.reporters.JUnitXMLReporter -->
<testsuite hostname="HUY-PC" ignored="0" name="TestSuite1" tests="14" failures="6" timestamp="02 thg 12 2018 09:59:48 GMT" time="159.778" errors="0">
  <testcase name="TC01" time="9.65" classname="Railway.LoginTest"/>
  <testcase name="TC02" time="1.756" classname="Railway.LoginTest"/>
  <testcase name="TC03" time="1.324" classname="Railway.LoginTest">
    <failure type="java.lang.AssertionError" message="expected [There was a problem with your login and/or errors exist in your form.] but found [Invalid username or password. Please try again.]">
      <![CDATA[java.lang.AssertionError: expected [There was a problem with your login and/or errors exist in your form.] but found [Invalid username or password. Please try again.]
at Railway.LoginTest.TC03(LoginTest.java:35)
... Removed 31 stack frames]]>
    </failure>
  </testcase> <!-- TC03 -->
  <testcase name="TC04" time="1.155" classname="Railway.LoginTest"/>
  <testcase name="TC05" time="4.149" classname="Railway.LoginTest">
    <failure type="java.lang.AssertionError" message="expected [You have used 4 out of 5 login attempts. After all 5 have been used, you will be unable to login for 15 minutes.] but found [Invalid username or password. Please try again.]">
      <![CDATA[java.lang.AssertionError: expected [You have used 4 out of 5 login attempts. After all 5 have been used, you will be unable to login for 15 minutes.] but found [Invalid username or password. Please try again.]
at Railway.LoginTest.TC05(LoginTest.java:47)
... Removed 31 stack frames]]>
    </failure>
  </testcase> <!-- TC05 -->
  <testcase name="TC06" time="5.137" classname="Railway.LoginTest"/>
  <testcase name="TC08" time="1.604" classname="Railway.LoginTest"/>
  <testcase name="TC07" time="5.669" classname="Railway.RegisterTest"/>
  <testcase name="TC10" time="1.824" classname="Railway.RegisterTest"/>
  <testcase name="TC11" time="2.292" classname="Railway.RegisterTest">
    <failure type="java.lang.AssertionError" message="The following asserts failed:
	expected [Invalid password length.] but found [Invalid password length],
	expected [Invalid ID length.] but found [Invalid ID length]">
      <![CDATA[java.lang.AssertionError: The following asserts failed:
expected [Invalid password length.] but found [Invalid password length],
expected [Invalid ID length.] but found [Invalid ID length]
at Railway.RegisterTest.TC11(RegisterTest.java:37)
... Removed 26 stack frames]]>
    </failure>
  </testcase> <!-- TC11 -->
  <testcase name="TC09" time="15.712" classname="Railway.ChangePasswordTest">
    <failure type="java.lang.AssertionError" message="expected [Your password has been updated] but found [Your password has been updated!]">
      <![CDATA[java.lang.AssertionError: expected [Your password has been updated] but found [Your password has been updated!]
at Railway.ChangePasswordTest.TC09(ChangePasswordTest.java:26)
... Removed 31 stack frames]]>
    </failure>
  </testcase> <!-- TC09 -->
  <testcase name="TC12" time="22.225" classname="Railway.ForgotPasswordTest">
    <failure type="java.lang.AssertionError" message="The following asserts failed:
	expected [Password Change Form] but found [Password Reset Instructions Form],
	expected [The password reset token is incorrect or may be expired. Visit the forgot password page to generate a new one.] but found [Could not reset password. Please correct the errors and try again.],
	expected [The password reset token is invalid.] but found [Please enter your password reset token. It should have been sent to you in an email.]">
      <![CDATA[java.lang.AssertionError: The following asserts failed:
expected [Password Change Form] but found [Password Reset Instructions Form],
expected [The password reset token is incorrect or may be expired. Visit the forgot password page to generate a new one.] but found [Could not reset password. Please correct the errors and try again.],
expected [The password reset token is invalid.] but found [Please enter your password reset token. It should have been sent to you in an email.]
at Railway.ForgotPasswordTest.TC12(ForgotPasswordTest.java:29)
... Removed 26 stack frames]]>
    </failure>
  </testcase> <!-- TC12 -->
  <testcase name="TC13" time="25.215" classname="Railway.ForgotPasswordTest">
    <failure type="java.lang.AssertionError" message="The following asserts failed:
	expected [Password Change Form] but found [Password Reset Instructions Form],
	expected [The password reset token is incorrect or may be expired. Visit the forgot password page to generate a new one.] but found [Could not reset password. Please correct the errors and try again.],
	expected [The password reset token is invalid.] but found [Please enter your password reset token. It should have been sent to you in an email.],
	expected [Password Change Form] but found [Password Reset Instructions Form]">
      <![CDATA[java.lang.AssertionError: The following asserts failed:
expected [Password Change Form] but found [Password Reset Instructions Form],
expected [The password reset token is incorrect or may be expired. Visit the forgot password page to generate a new one.] but found [Could not reset password. Please correct the errors and try again.],
expected [The password reset token is invalid.] but found [Please enter your password reset token. It should have been sent to you in an email.],
expected [Password Change Form] but found [Password Reset Instructions Form]
at Railway.ForgotPasswordTest.TC13(ForgotPasswordTest.java:43)
... Removed 26 stack frames]]>
    </failure>
  </testcase> <!-- TC13 -->
  <testcase name="TC14" time="5.398" classname="Railway.BookTicketTest"/>
</testsuite> <!-- TestSuite1 -->
