<?xml version="1.0" encoding="UTF-8"?>
<testng-results skipped="0" failed="0" ignored="0" total="1" passed="1">
  <reporter-output>
  </reporter-output>
  <suite name="Default suite" duration-ms="16509" started-at="2018-12-02T15:27:06Z" finished-at="2018-12-02T15:27:23Z">
    <groups>
    </groups>
    <test name="Default test" duration-ms="16509" started-at="2018-12-02T15:27:06Z" finished-at="2018-12-02T15:27:23Z">
      <class name="Railway.MyTicketTest">
        <test-method status="PASS" signature="beforeClass()[pri:0, instance:Railway.MyTicketTest@204f30ec]" name="beforeClass" is-config="true" duration-ms="8541" started-at="2018-12-02T15:27:06Z" finished-at="2018-12-02T15:27:15Z">
          <reporter-output>
          </reporter-output>
        </test-method> <!-- beforeClass -->
        <test-method status="PASS" signature="beforeMethod()[pri:0, instance:Railway.MyTicketTest@204f30ec]" name="beforeMethod" is-config="true" duration-ms="2757" started-at="2018-12-02T15:27:15Z" finished-at="2018-12-02T15:27:18Z">
          <reporter-output>
          </reporter-output>
        </test-method> <!-- beforeMethod -->
        <test-method status="PASS" signature="TC16()[pri:0, instance:Railway.MyTicketTest@204f30ec]" name="TC16" duration-ms="4553" started-at="2018-12-02T15:27:18Z" description="User can cancel a ticket" finished-at="2018-12-02T15:27:22Z">
          <reporter-output>
          </reporter-output>
        </test-method> <!-- TC16 -->
        <test-method status="PASS" signature="afterClass()[pri:0, instance:Railway.MyTicketTest@204f30ec]" name="afterClass" is-config="true" duration-ms="630" started-at="2018-12-02T15:27:22Z" finished-at="2018-12-02T15:27:23Z">
          <reporter-output>
          </reporter-output>
        </test-method> <!-- afterClass -->
      </class> <!-- Railway.MyTicketTest -->
    </test> <!-- Default test -->
  </suite> <!-- Default suite -->
</testng-results>
