<?xml version="1.0" encoding="UTF-8"?>
<testng-results skipped="0" failed="0" ignored="0" total="1" passed="1">
  <reporter-output>
  </reporter-output>
  <suite name="Default suite" duration-ms="20081" started-at="2018-11-27T15:55:14Z" finished-at="2018-11-27T15:55:34Z">
    <groups>
    </groups>
    <test name="Default test" duration-ms="20081" started-at="2018-11-27T15:55:14Z" finished-at="2018-11-27T15:55:34Z">
      <class name="Railway.BookTicketTest">
        <test-method status="PASS" signature="beforeClass()[pri:0, instance:Railway.BookTicketTest@53b32d7]" name="beforeClass" is-config="true" duration-ms="11332" started-at="2018-11-27T15:55:14Z" finished-at="2018-11-27T15:55:25Z">
          <reporter-output>
          </reporter-output>
        </test-method> <!-- beforeClass -->
        <test-method status="PASS" signature="TC01()[pri:0, instance:Railway.BookTicketTest@53b32d7]" name="TC01" duration-ms="8108" started-at="2018-11-27T15:55:25Z" description="User can book 1 ticket at a time" finished-at="2018-11-27T15:55:33Z">
          <reporter-output>
          </reporter-output>
        </test-method> <!-- TC01 -->
        <test-method status="PASS" signature="afterClass()[pri:0, instance:Railway.BookTicketTest@53b32d7]" name="afterClass" is-config="true" duration-ms="604" started-at="2018-11-27T15:55:33Z" finished-at="2018-11-27T15:55:34Z">
          <reporter-output>
          </reporter-output>
        </test-method> <!-- afterClass -->
      </class> <!-- Railway.BookTicketTest -->
    </test> <!-- Default test -->
  </suite> <!-- Default suite -->
</testng-results>
