<?xml version="1.0" encoding="UTF-8"?>
<testng-results skipped="0" failed="0" ignored="0" total="1" passed="1">
  <reporter-output>
  </reporter-output>
  <suite name="Default suite" duration-ms="23723" started-at="2018-11-30T01:39:22Z" finished-at="2018-11-30T01:39:46Z">
    <groups>
    </groups>
    <test name="Default test" duration-ms="23723" started-at="2018-11-30T01:39:22Z" finished-at="2018-11-30T01:39:46Z">
      <class name="Railway.ForgotPasswordTest">
        <test-method status="PASS" signature="beforeClass()[pri:0, instance:Railway.ForgotPasswordTest@31ef45e3]" name="beforeClass" is-config="true" duration-ms="3999" started-at="2018-11-30T01:39:22Z" finished-at="2018-11-30T01:39:26Z">
          <reporter-output>
          </reporter-output>
        </test-method> <!-- beforeClass -->
        <test-method status="PASS" signature="TC01()[pri:0, instance:Railway.ForgotPasswordTest@31ef45e3]" name="TC01" duration-ms="19707" started-at="2018-11-30T01:39:26Z" description="User can change password" finished-at="2018-11-30T01:39:46Z">
          <reporter-output>
          </reporter-output>
        </test-method> <!-- TC01 -->
      </class> <!-- Railway.ForgotPasswordTest -->
    </test> <!-- Default test -->
  </suite> <!-- Default suite -->
</testng-results>
